timestamp: 2021-06-06T23:08:54.211670
CREATE TABLE "py4web_session"(
    "id" INTEGER PRIMARY KEY AUTOINCREMENT,
    "rkey" CHAR(512),
    "rvalue" TEXT,
    "expiration" INTEGER,
    "created_on" TIMESTAMP,
    "expires_on" TIMESTAMP
);
success!
timestamp: 2021-06-06T23:08:54.214294
CREATE TABLE "auth_user"(
    "id" INTEGER PRIMARY KEY AUTOINCREMENT,
    "email" CHAR(512) UNIQUE,
    "password" CHAR(512),
    "first_name" CHAR(512),
    "last_name" CHAR(512),
    "sso_id" CHAR(512),
    "action_token" CHAR(512),
    "last_password_change" TIMESTAMP,
    "past_passwords_hash" TEXT
);
success!
timestamp: 2021-06-06T23:08:54.216185
CREATE TABLE "auth_user_tag_groups"(
    "id" INTEGER PRIMARY KEY AUTOINCREMENT,
    "path" CHAR(512),
    "record_id" INTEGER REFERENCES "auth_user" ("id") ON DELETE CASCADE  
);
success!
timestamp: 2021-06-06T23:08:54.321567
CREATE TABLE "user"(
    "id" INTEGER PRIMARY KEY AUTOINCREMENT,
    "reference_auth_user" INTEGER REFERENCES "auth_user" ("id") ON DELETE CASCADE  ,
    "followers" TEXT,
    "following" TEXT,
    "email" CHAR(512),
    "bio" CHAR(512),
    "profile_image_url" CHAR(512),
    "profile_email" CHAR(512)
);
success!
timestamp: 2021-06-06T23:08:54.323441
CREATE TABLE "post"(
    "id" INTEGER PRIMARY KEY AUTOINCREMENT,
    "content" CHAR(512),
    "name" CHAR(512),
    "email" CHAR(512),
    "comment_content" TEXT,
    "comment_name" TEXT,
    "comment_email" TEXT,
    "comment_authuserid" TEXT,
    "dislikes" TEXT,
    "likes" TEXT,
    "user_id" INTEGER REFERENCES "auth_user" ("id") ON DELETE CASCADE  
);
success!
